
> akshon-web@0.1.0 build
> next build

Attention: Next.js now collects completely anonymous telemetry regarding usage.
This information is used to shape Next.js' roadmap and prioritize features.
You can learn more, including how to opt-out if you'd not like to participate in this anonymous program, by visiting the following URL:
https://nextjs.org/telemetry

▲ Next.js 16.1.1 (Turbopack)

  Creating an optimized production build ...
✓ Compiled successfully in 16.4s
  Running TypeScript ...
  Collecting page data using 3 workers ...
⚠️ STRIPE_SECRET_KEY not set - payments will be disabled
⚠️ STRIPE_SECRET_KEY not set - payments will be disabled
⚠️ STRIPE_SECRET_KEY not set - payments will be disabled
  Generating static pages using 3 workers (0/24) ...
⚠ metadataBase property in metadata export is not set for resolving social open graph or twitter images, using "http://localhost:3000". See https://nextjs.org/docs/app/api-reference/functions/generate-metadata#metadatabase
  Generating static pages using 3 workers (6/24)
  Generating static pages using 3 workers (12/24)
  Generating static pages using 3 workers (18/24)
✓ Generating static pages using 3 workers (24/24) in 675.5ms
  Finalizing page optimization ...

Route (app)
┌ ○ /
├ ○ /_not-found
├ ○ /admin
├ ƒ /api/feed
├ ƒ /api/keys
├ ƒ /api/stripe/checkout
├ ƒ /api/stripe/portal
├ ƒ /api/stripe/webhook
├ ƒ /api/synthesis
├ ƒ /api/v1/corpus
├ ƒ /api/v1/corpus/[id]
├ ƒ /api/v1/synthesis
├ ƒ /api/v1/usage
├ ƒ /corpus
├ ○ /dashboard
├ ○ /datasets
├ ○ /demos
├ ○ /demos/sungrid
├ ○ /docs/node
├ ○ /keys
├ ○ /login
├ ○ /pricing
├ ○ /privacy
└ ○ /terms


○  (Static)   prerendered as static content
ƒ  (Dynamic)  server-rendered on demand
